<?xml version="1.0" encoding="UTF-8"?>
<testsuite xmlns:xsi="http://www.w3.org/2001/XMLSchema-instance" xsi:noNamespaceSchemaLocation="https://maven.apache.org/surefire/maven-surefire-plugin/xsd/surefire-test-report-3.0.xsd" version="3.0" name="API.nhyira.apivitalis.Controller.MidiaControllerTest$MidiaUpdateTest" time="11.755" tests="3" errors="0" skipped="0" failures="0">
  <properties>
[...]
</properties>
  <testcase name="updateMidiaByIdInvalid" classname="API.nhyira.apivitalis.Controller.MidiaControllerTest$MidiaUpdateTest" time="0.054">
    <system-out><![CDATA[2024-06-14T23:42:40.387-03:00  INFO 15424 --- [api-vitalis] [           main] t.c.s.AnnotationConfigContextLoaderUtils : Could not detect default configuration classes for test class [API.nhyira.apivitalis.Controller.MidiaControllerTest$MidiaUpdateTest]: MidiaUpdateTest does not declare any static, non-private, non-final, nested classes annotated with @Configuration.
2024-06-14T23:42:40.397-03:00  INFO 15424 --- [api-vitalis] [           main] .b.t.c.SpringBootTestContextBootstrapper : Found @SpringBootConfiguration API.nhyira.apivitalis.ApiVitalisApplication for test class API.nhyira.apivitalis.Controller.MidiaControllerTest$MidiaUpdateTest

  .   ____          _            __ _ _
 /\\ / ___'_ __ _ _(_)_ __  __ _ \ \ \ \
( ( )\___ | '_ | '_| | '_ \/ _` | \ \ \ \
 \\/  ___)| |_)| | | | | || (_| |  ) ) ) )
  '  |____| .__|_| |_|_| |_\__, | / / / /
 =========|_|==============|___/=/_/_/_/
 :: Spring Boot ::                (v3.2.4)

2024-06-14T23:42:40.562-03:00  INFO 15424 --- [api-vitalis] [           main] A.n.a.Controller.MidiaControllerTest     : Starting MidiaControllerTest using Java 17.0.6 with PID 15424 (started by user in C:\Users\user\Desktop\Back-End)
2024-06-14T23:42:40.567-03:00  INFO 15424 --- [api-vitalis] [           main] A.n.a.Controller.MidiaControllerTest     : No active profile set, falling back to 1 default profile: "default"
2024-06-14T23:42:42.855-03:00  INFO 15424 --- [api-vitalis] [           main] .s.d.r.c.RepositoryConfigurationDelegate : Bootstrapping Spring Data JPA repositories in DEFAULT mode.
2024-06-14T23:42:43.045-03:00  INFO 15424 --- [api-vitalis] [           main] .s.d.r.c.RepositoryConfigurationDelegate : Finished Spring Data repository scanning in 190 ms. Found 30 JPA repository interfaces.
2024-06-14T23:42:43.476-03:00  INFO 15424 --- [api-vitalis] [           main] com.zaxxer.hikari.HikariDataSource       : HikariPool-3 - Starting...
2024-06-14T23:42:43.515-03:00  INFO 15424 --- [api-vitalis] [           main] com.zaxxer.hikari.pool.HikariPool        : HikariPool-3 - Added connection com.mysql.cj.jdbc.ConnectionImpl@65694126
2024-06-14T23:42:43.516-03:00  INFO 15424 --- [api-vitalis] [           main] com.zaxxer.hikari.HikariDataSource       : HikariPool-3 - Start completed.
2024-06-14T23:42:43.517-03:00  INFO 15424 --- [api-vitalis] [           main] o.hibernate.jpa.internal.util.LogHelper  : HHH000204: Processing PersistenceUnitInfo [name: default]
2024-06-14T23:42:43.525-03:00  INFO 15424 --- [api-vitalis] [           main] o.h.c.internal.RegionFactoryInitiator    : HHH000026: Second-level cache disabled
2024-06-14T23:42:43.541-03:00  INFO 15424 --- [api-vitalis] [           main] o.s.o.j.p.SpringPersistenceUnitInfo      : No LoadTimeWeaver setup: ignoring JPA class transformer
2024-06-14T23:42:43.544-03:00  WARN 15424 --- [api-vitalis] [           main] org.hibernate.orm.deprecation            : HHH90000025: MySQLDialect does not need to be specified explicitly using 'hibernate.dialect' (remove the property setting and it will be selected by default)
2024-06-14T23:42:44.781-03:00  INFO 15424 --- [api-vitalis] [           main] o.h.e.t.j.p.i.JtaPlatformInitiator       : HHH000489: No JTA platform available (set 'hibernate.transaction.jta.platform' to enable JTA platform integration)
2024-06-14T23:42:44.782-03:00  INFO 15424 --- [api-vitalis] [           main] j.LocalContainerEntityManagerFactoryBean : Initialized JPA EntityManagerFactory for persistence unit 'default'
2024-06-14T23:42:45.266-03:00  WARN 15424 --- [api-vitalis] [           main] JpaBaseConfiguration$JpaWebConfiguration : spring.jpa.open-in-view is enabled by default. Therefore, database queries may be performed during view rendering. Explicitly configure spring.jpa.open-in-view to disable this warning
2024-06-14T23:42:49.931-03:00  INFO 15424 --- [api-vitalis] [           main] o.s.b.a.e.web.EndpointLinksResolver      : Exposing 1 endpoint(s) beneath base path '/actuator'
2024-06-14T23:42:50.065-03:00  INFO 15424 --- [api-vitalis] [           main] o.s.s.web.DefaultSecurityFilterChain     : Will secure any request with [org.springframework.security.web.session.DisableEncodeUrlFilter@2bafab66, org.springframework.security.web.context.request.async.WebAsyncManagerIntegrationFilter@642ac8fe, org.springframework.security.web.context.SecurityContextHolderFilter@4ec2eb80, org.springframework.security.web.header.HeaderWriterFilter@1175d60, org.springframework.web.filter.CorsFilter@24f18372, org.springframework.security.web.authentication.logout.LogoutFilter@5cecbd49, API.nhyira.apivitalis.Auth.Usuario.Security.AuthUsuarioFilter@162801e4, org.springframework.security.web.savedrequest.RequestCacheAwareFilter@49eaabdb, org.springframework.security.web.servletapi.SecurityContextHolderAwareRequestFilter@5d9bc878, org.springframework.security.web.authentication.AnonymousAuthenticationFilter@56f38395, org.springframework.security.web.session.SessionManagementFilter@1ec1a7f2, org.springframework.security.web.access.ExceptionTranslationFilter@3d18e899, org.springframework.security.web.access.intercept.AuthorizationFilter@2aecb4d1]
2024-06-14T23:42:51.393-03:00  INFO 15424 --- [api-vitalis] [           main] o.s.b.t.m.w.SpringBootMockServletContext : Initializing Spring TestDispatcherServlet ''
2024-06-14T23:42:51.393-03:00  INFO 15424 --- [api-vitalis] [           main] o.s.t.web.servlet.TestDispatcherServlet  : Initializing Servlet ''
2024-06-14T23:42:51.396-03:00  INFO 15424 --- [api-vitalis] [           main] o.s.t.web.servlet.TestDispatcherServlet  : Completed initialization in 3 ms
2024-06-14T23:42:51.491-03:00  INFO 15424 --- [api-vitalis] [           main] o.s.m.s.b.SimpleBrokerMessageHandler     : Starting...
2024-06-14T23:42:51.492-03:00  INFO 15424 --- [api-vitalis] [           main] o.s.m.s.b.SimpleBrokerMessageHandler     : BrokerAvailabilityEvent[available=true, SimpleBrokerMessageHandler [org.springframework.messaging.simp.broker.DefaultSubscriptionRegistry@57323a37]]
2024-06-14T23:42:51.492-03:00  INFO 15424 --- [api-vitalis] [           main] o.s.m.s.b.SimpleBrokerMessageHandler     : Started.
2024-06-14T23:42:51.534-03:00  INFO 15424 --- [api-vitalis] [           main] A.n.a.Controller.MidiaControllerTest     : Started MidiaControllerTest in 11.122 seconds (process running for 68.0)
2024-06-14T23:42:51.586-03:00 DEBUG 15424 --- [api-vitalis] [           main] o.s.security.web.FilterChainProxy        : Securing GET /usuarios/0
2024-06-14T23:42:51.587-03:00 DEBUG 15424 --- [api-vitalis] [           main] o.s.s.w.a.AnonymousAuthenticationFilter  : Set SecurityContextHolder to anonymous SecurityContext
2024-06-14T23:42:51.588-03:00 DEBUG 15424 --- [api-vitalis] [           main] o.s.security.web.FilterChainProxy        : Secured GET /usuarios/0
]]></system-out>
  </testcase>
  <testcase name="updateMidia" classname="API.nhyira.apivitalis.Controller.MidiaControllerTest$MidiaUpdateTest" time="0.42">
    <system-out><![CDATA[2024-06-14T23:42:51.615-03:00 DEBUG 15424 --- [api-vitalis] [           main] o.s.security.web.FilterChainProxy        : Securing PUT /midias/1
2024-06-14T23:42:51.616-03:00 DEBUG 15424 --- [api-vitalis] [           main] o.s.s.w.a.AnonymousAuthenticationFilter  : Set SecurityContextHolder to anonymous SecurityContext
2024-06-14T23:42:51.618-03:00 DEBUG 15424 --- [api-vitalis] [           main] o.s.security.web.FilterChainProxy        : Secured PUT /midias/1
Hibernate: select m1_0.id_midia,m1_0.caminho,m1_0.extensao,m1_0.nome from midia m1_0 where m1_0.id_midia=?
]]></system-out>
  </testcase>
  <testcase name="updateMidiaByIdNotFound" classname="API.nhyira.apivitalis.Controller.MidiaControllerTest$MidiaUpdateTest" time="0.036">
    <system-out><![CDATA[2024-06-14T23:42:52.035-03:00 DEBUG 15424 --- [api-vitalis] [           main] o.s.security.web.FilterChainProxy        : Securing GET /usuarios/999
2024-06-14T23:42:52.036-03:00 DEBUG 15424 --- [api-vitalis] [           main] o.s.s.w.a.AnonymousAuthenticationFilter  : Set SecurityContextHolder to anonymous SecurityContext
2024-06-14T23:42:52.036-03:00 DEBUG 15424 --- [api-vitalis] [           main] o.s.security.web.FilterChainProxy        : Secured GET /usuarios/999
Hibernate: select u1_0.id_usuario,u1_0.cpf,u1_0.dt_nasc,u1_0.email,ei1_0.id_endereco,ei1_0.bairro,ei1_0.cep,ei1_0.cidade,ei1_0.complemento,ei1_0.estado,ei1_0.logradouro,ei1_0.numero,mi1_0.id_midia,mi1_0.caminho,mi1_0.extensao,mi1_0.nome,u1_0.nickname,u1_0.nome,pi1_0.id_usuario,pi1_0.cpf,pi1_0.dt_nasc,pi1_0.email,ei2_0.id_endereco,ei2_0.bairro,ei2_0.cep,ei2_0.cidade,ei2_0.complemento,ei2_0.estado,ei2_0.logradouro,ei2_0.numero,mi2_0.id_midia,mi2_0.caminho,mi2_0.extensao,mi2_0.nome,pi1_0.nickname,pi1_0.nome,pi1_0.personal_id,pi1_0.senha,pi1_0.sexo,pi1_0.tipo,u1_0.senha,u1_0.sexo,u1_0.tipo from usuario u1_0 left join endereco ei1_0 on ei1_0.id_endereco=u1_0.endereco_id left join midia mi1_0 on mi1_0.id_midia=u1_0.midia_id left join usuario pi1_0 on pi1_0.id_usuario=u1_0.personal_id left join endereco ei2_0 on ei2_0.id_endereco=pi1_0.endereco_id left join midia mi2_0 on mi2_0.id_midia=pi1_0.midia_id where u1_0.id_usuario=?
]]></system-out>
  </testcase>
</testsuite>