<?xml version="1.0" encoding="UTF-8"?>
<testsuite xmlns:xsi="http://www.w3.org/2001/XMLSchema-instance" xsi:noNamespaceSchemaLocation="https://maven.apache.org/surefire/maven-surefire-plugin/xsd/surefire-test-report-3.0.xsd" version="3.0" name="API.nhyira.apivitalis.ApiVitalisApplicationTests" time="40.775" tests="1" errors="0" skipped="0" failures="0">
  <properties>
[...]
</properties>
  <testcase name="contextLoads" classname="API.nhyira.apivitalis.ApiVitalisApplicationTests" time="1.56">
    <system-out><![CDATA[19:50:34.304 [main] INFO org.springframework.test.context.support.AnnotationConfigContextLoaderUtils -- Could not detect default configuration classes for test class [API.nhyira.apivitalis.ApiVitalisApplicationTests]: ApiVitalisApplicationTests does not declare any static, non-private, non-final, nested classes annotated with @Configuration.
19:50:34.714 [main] INFO org.springframework.boot.test.context.SpringBootTestContextBootstrapper -- Found @SpringBootConfiguration API.nhyira.apivitalis.ApiVitalisApplication for test class API.nhyira.apivitalis.ApiVitalisApplicationTests

  .   ____          _            __ _ _
 /\\ / ___'_ __ _ _(_)_ __  __ _ \ \ \ \
( ( )\___ | '_ | '_| | '_ \/ _` | \ \ \ \
 \\/  ___)| |_)| | | | | || (_| |  ) ) ) )
  '  |____| .__|_| |_|_| |_\__, | / / / /
 =========|_|==============|___/=/_/_/_/
 :: Spring Boot ::                (v3.2.4)

2024-08-16T19:50:35.974-03:00  INFO 1872 --- [api-vitalis] [           main] A.n.a.ApiVitalisApplicationTests         : Starting ApiVitalisApplicationTests using Java 17.0.6 with PID 1872 (started by Cliente in C:\Users\Cliente\Desktop\Back-End)
2024-08-16T19:50:35.977-03:00  INFO 1872 --- [api-vitalis] [           main] A.n.a.ApiVitalisApplicationTests         : No active profile set, falling back to 1 default profile: "default"
2024-08-16T19:50:41.966-03:00  INFO 1872 --- [api-vitalis] [           main] .s.d.r.c.RepositoryConfigurationDelegate : Bootstrapping Spring Data JPA repositories in DEFAULT mode.
2024-08-16T19:50:42.414-03:00  INFO 1872 --- [api-vitalis] [           main] .s.d.r.c.RepositoryConfigurationDelegate : Finished Spring Data repository scanning in 412 ms. Found 31 JPA repository interfaces.
2024-08-16T19:50:45.671-03:00  INFO 1872 --- [api-vitalis] [           main] com.zaxxer.hikari.HikariDataSource       : HikariPool-1 - Starting...
2024-08-16T19:50:46.987-03:00  INFO 1872 --- [api-vitalis] [           main] com.zaxxer.hikari.pool.HikariPool        : HikariPool-1 - Added connection com.mysql.cj.jdbc.ConnectionImpl@1b4ba615
2024-08-16T19:50:46.993-03:00  INFO 1872 --- [api-vitalis] [           main] com.zaxxer.hikari.HikariDataSource       : HikariPool-1 - Start completed.
2024-08-16T19:50:47.109-03:00  INFO 1872 --- [api-vitalis] [           main] o.hibernate.jpa.internal.util.LogHelper  : HHH000204: Processing PersistenceUnitInfo [name: default]
2024-08-16T19:50:47.668-03:00  INFO 1872 --- [api-vitalis] [           main] org.hibernate.Version                    : HHH000412: Hibernate ORM core version 6.4.4.Final
2024-08-16T19:50:47.764-03:00  INFO 1872 --- [api-vitalis] [           main] o.h.c.internal.RegionFactoryInitiator    : HHH000026: Second-level cache disabled
2024-08-16T19:50:48.577-03:00  INFO 1872 --- [api-vitalis] [           main] o.s.o.j.p.SpringPersistenceUnitInfo      : No LoadTimeWeaver setup: ignoring JPA class transformer
2024-08-16T19:50:48.846-03:00  WARN 1872 --- [api-vitalis] [           main] org.hibernate.orm.deprecation            : HHH90000025: MySQLDialect does not need to be specified explicitly using 'hibernate.dialect' (remove the property setting and it will be selected by default)
2024-08-16T19:50:53.963-03:00  INFO 1872 --- [api-vitalis] [           main] o.h.e.t.j.p.i.JtaPlatformInitiator       : HHH000489: No JTA platform available (set 'hibernate.transaction.jta.platform' to enable JTA platform integration)
2024-08-16T19:50:53.971-03:00  INFO 1872 --- [api-vitalis] [           main] j.LocalContainerEntityManagerFactoryBean : Initialized JPA EntityManagerFactory for persistence unit 'default'
2024-08-16T19:50:55.223-03:00  INFO 1872 --- [api-vitalis] [           main] o.s.d.j.r.query.QueryEnhancerFactory     : Hibernate is in classpath; If applicable, HQL parser will be used.
2024-08-16T19:50:57.589-03:00  WARN 1872 --- [api-vitalis] [           main] JpaBaseConfiguration$JpaWebConfiguration : spring.jpa.open-in-view is enabled by default. Therefore, database queries may be performed during view rendering. Explicitly configure spring.jpa.open-in-view to disable this warning
2024-08-16T19:51:07.993-03:00  INFO 1872 --- [api-vitalis] [           main] o.s.b.a.e.web.EndpointLinksResolver      : Exposing 1 endpoint(s) beneath base path '/actuator'
2024-08-16T19:51:08.595-03:00  INFO 1872 --- [api-vitalis] [           main] o.s.s.web.DefaultSecurityFilterChain     : Will secure any request with [org.springframework.security.web.session.DisableEncodeUrlFilter@7f77131b, org.springframework.security.web.context.request.async.WebAsyncManagerIntegrationFilter@62ce5261, org.springframework.security.web.context.SecurityContextHolderFilter@25a8ff84, org.springframework.security.web.header.HeaderWriterFilter@7c698549, org.springframework.web.filter.CorsFilter@5e4632cb, org.springframework.security.web.authentication.logout.LogoutFilter@40383b24, API.nhyira.apivitalis.Auth.Usuario.Security.AuthUsuarioFilter@2b60acb3, org.springframework.security.web.savedrequest.RequestCacheAwareFilter@2dbc56fb, org.springframework.security.web.servletapi.SecurityContextHolderAwareRequestFilter@568b7ec6, org.springframework.security.web.authentication.AnonymousAuthenticationFilter@524d00e7, org.springframework.security.web.session.SessionManagementFilter@7fdd4b67, org.springframework.security.web.access.ExceptionTranslationFilter@33a9f5b0, org.springframework.security.web.access.intercept.AuthorizationFilter@4be2f788]
2024-08-16T19:51:12.519-03:00  INFO 1872 --- [api-vitalis] [           main] o.s.m.s.b.SimpleBrokerMessageHandler     : Starting...
2024-08-16T19:51:12.561-03:00  INFO 1872 --- [api-vitalis] [           main] o.s.m.s.b.SimpleBrokerMessageHandler     : BrokerAvailabilityEvent[available=true, SimpleBrokerMessageHandler [org.springframework.messaging.simp.broker.DefaultSubscriptionRegistry@33650388]]
2024-08-16T19:51:12.563-03:00  INFO 1872 --- [api-vitalis] [           main] o.s.m.s.b.SimpleBrokerMessageHandler     : Started.
2024-08-16T19:51:12.639-03:00  INFO 1872 --- [api-vitalis] [           main] A.n.a.ApiVitalisApplicationTests         : Started ApiVitalisApplicationTests in 37.418 seconds (process running for 40.732)
]]></system-out>
  </testcase>
</testsuite>