<?xml version="1.0" encoding="UTF-8"?>
<testsuite xmlns:xsi="http://www.w3.org/2001/XMLSchema-instance" xsi:noNamespaceSchemaLocation="https://maven.apache.org/surefire/maven-surefire-plugin/xsd/surefire-test-report-3.0.xsd" version="3.0" name="API.nhyira.apivitalis.Controller.UsuarioControllerTest$UserEditTest" time="9.344" tests="13" errors="0" skipped="0" failures="1">
  <properties>
[...]
</properties>
  <testcase name="createSexoInvalido" classname="API.nhyira.apivitalis.Controller.UsuarioControllerTest$UserEditTest" time="0.661">
    <system-out><![CDATA[2024-08-16T19:52:30.358-03:00  INFO 1872 --- [api-vitalis] [           main] t.c.s.AnnotationConfigContextLoaderUtils : Could not detect default configuration classes for test class [API.nhyira.apivitalis.Controller.UsuarioControllerTest$UserEditTest]: UserEditTest does not declare any static, non-private, non-final, nested classes annotated with @Configuration.
2024-08-16T19:52:30.363-03:00  INFO 1872 --- [api-vitalis] [           main] .b.t.c.SpringBootTestContextBootstrapper : Found @SpringBootConfiguration API.nhyira.apivitalis.ApiVitalisApplication for test class API.nhyira.apivitalis.Controller.UsuarioControllerTest$UserEditTest

  .   ____          _            __ _ _
 /\\ / ___'_ __ _ _(_)_ __  __ _ \ \ \ \
( ( )\___ | '_ | '_| | '_ \/ _` | \ \ \ \
 \\/  ___)| |_)| | | | | || (_| |  ) ) ) )
  '  |____| .__|_| |_|_| |_\__, | / / / /
 =========|_|==============|___/=/_/_/_/
 :: Spring Boot ::                (v3.2.4)

2024-08-16T19:52:30.407-03:00  INFO 1872 --- [api-vitalis] [           main] A.n.a.Controller.UsuarioControllerTest   : Starting UsuarioControllerTest using Java 17.0.6 with PID 1872 (started by Cliente in C:\Users\Cliente\Desktop\Back-End)
2024-08-16T19:52:30.408-03:00  INFO 1872 --- [api-vitalis] [           main] A.n.a.Controller.UsuarioControllerTest   : No active profile set, falling back to 1 default profile: "default"
2024-08-16T19:52:31.636-03:00  INFO 1872 --- [api-vitalis] [           main] .s.d.r.c.RepositoryConfigurationDelegate : Bootstrapping Spring Data JPA repositories in DEFAULT mode.
2024-08-16T19:52:31.744-03:00  INFO 1872 --- [api-vitalis] [           main] .s.d.r.c.RepositoryConfigurationDelegate : Finished Spring Data repository scanning in 107 ms. Found 31 JPA repository interfaces.
2024-08-16T19:52:31.962-03:00  INFO 1872 --- [api-vitalis] [           main] com.zaxxer.hikari.HikariDataSource       : HikariPool-9 - Starting...
2024-08-16T19:52:31.999-03:00  INFO 1872 --- [api-vitalis] [           main] com.zaxxer.hikari.pool.HikariPool        : HikariPool-9 - Added connection com.mysql.cj.jdbc.ConnectionImpl@726d9919
2024-08-16T19:52:31.999-03:00  INFO 1872 --- [api-vitalis] [           main] com.zaxxer.hikari.HikariDataSource       : HikariPool-9 - Start completed.
2024-08-16T19:52:32.001-03:00  INFO 1872 --- [api-vitalis] [           main] o.hibernate.jpa.internal.util.LogHelper  : HHH000204: Processing PersistenceUnitInfo [name: default]
2024-08-16T19:52:32.010-03:00  INFO 1872 --- [api-vitalis] [           main] o.h.c.internal.RegionFactoryInitiator    : HHH000026: Second-level cache disabled
2024-08-16T19:52:32.040-03:00  INFO 1872 --- [api-vitalis] [           main] o.s.o.j.p.SpringPersistenceUnitInfo      : No LoadTimeWeaver setup: ignoring JPA class transformer
2024-08-16T19:52:32.076-03:00  WARN 1872 --- [api-vitalis] [           main] org.hibernate.orm.deprecation            : HHH90000025: MySQLDialect does not need to be specified explicitly using 'hibernate.dialect' (remove the property setting and it will be selected by default)
2024-08-16T19:52:32.789-03:00  INFO 1872 --- [api-vitalis] [           main] o.h.e.t.j.p.i.JtaPlatformInitiator       : HHH000489: No JTA platform available (set 'hibernate.transaction.jta.platform' to enable JTA platform integration)
2024-08-16T19:52:32.790-03:00  INFO 1872 --- [api-vitalis] [           main] j.LocalContainerEntityManagerFactoryBean : Initialized JPA EntityManagerFactory for persistence unit 'default'
2024-08-16T19:52:33.115-03:00  WARN 1872 --- [api-vitalis] [           main] JpaBaseConfiguration$JpaWebConfiguration : spring.jpa.open-in-view is enabled by default. Therefore, database queries may be performed during view rendering. Explicitly configure spring.jpa.open-in-view to disable this warning
2024-08-16T19:52:36.296-03:00  INFO 1872 --- [api-vitalis] [           main] o.s.b.a.e.web.EndpointLinksResolver      : Exposing 1 endpoint(s) beneath base path '/actuator'
2024-08-16T19:52:36.483-03:00  INFO 1872 --- [api-vitalis] [           main] o.s.s.web.DefaultSecurityFilterChain     : Will secure any request with [org.springframework.security.web.session.DisableEncodeUrlFilter@133f6c3f, org.springframework.security.web.context.request.async.WebAsyncManagerIntegrationFilter@3d41c893, org.springframework.security.web.context.SecurityContextHolderFilter@4b8bc280, org.springframework.security.web.header.HeaderWriterFilter@683159ee, org.springframework.web.filter.CorsFilter@7dcb62e6, org.springframework.security.web.authentication.logout.LogoutFilter@61b121e4, API.nhyira.apivitalis.Auth.Usuario.Security.AuthUsuarioFilter@7ac5e584, org.springframework.security.web.savedrequest.RequestCacheAwareFilter@6f2ab3f6, org.springframework.security.web.servletapi.SecurityContextHolderAwareRequestFilter@660ed14a, org.springframework.security.web.authentication.AnonymousAuthenticationFilter@637a0d9d, org.springframework.security.web.session.SessionManagementFilter@78c095d1, org.springframework.security.web.access.ExceptionTranslationFilter@79f67c0c, org.springframework.security.web.access.intercept.AuthorizationFilter@6a50ead]
2024-08-16T19:52:37.634-03:00  INFO 1872 --- [api-vitalis] [           main] o.s.b.t.m.w.SpringBootMockServletContext : Initializing Spring TestDispatcherServlet ''
2024-08-16T19:52:37.634-03:00  INFO 1872 --- [api-vitalis] [           main] o.s.t.web.servlet.TestDispatcherServlet  : Initializing Servlet ''
2024-08-16T19:52:37.637-03:00  INFO 1872 --- [api-vitalis] [           main] o.s.t.web.servlet.TestDispatcherServlet  : Completed initialization in 3 ms
2024-08-16T19:52:37.737-03:00  INFO 1872 --- [api-vitalis] [           main] o.s.m.s.b.SimpleBrokerMessageHandler     : Starting...
2024-08-16T19:52:37.737-03:00  INFO 1872 --- [api-vitalis] [           main] o.s.m.s.b.SimpleBrokerMessageHandler     : BrokerAvailabilityEvent[available=true, SimpleBrokerMessageHandler [org.springframework.messaging.simp.broker.DefaultSubscriptionRegistry@497c2115]]
2024-08-16T19:52:37.738-03:00  INFO 1872 --- [api-vitalis] [           main] o.s.m.s.b.SimpleBrokerMessageHandler     : Started.
2024-08-16T19:52:37.755-03:00  INFO 1872 --- [api-vitalis] [           main] A.n.a.Controller.UsuarioControllerTest   : Started UsuarioControllerTest in 7.386 seconds (process running for 125.847)
2024-08-16T19:52:37.819-03:00 DEBUG 1872 --- [api-vitalis] [           main] o.s.security.web.FilterChainProxy        : Securing PUT /usuarios/3
2024-08-16T19:52:37.820-03:00 DEBUG 1872 --- [api-vitalis] [           main] o.s.s.w.a.AnonymousAuthenticationFilter  : Set SecurityContextHolder to anonymous SecurityContext
2024-08-16T19:52:37.821-03:00 DEBUG 1872 --- [api-vitalis] [           main] o.s.security.web.FilterChainProxy        : Secured PUT /usuarios/3
2024-08-16T19:52:38.426-03:00  WARN 1872 --- [api-vitalis] [           main] .w.s.m.s.DefaultHandlerExceptionResolver : Resolved [org.springframework.web.bind.MethodArgumentNotValidException: Validation failed for argument [1] in public org.springframework.http.ResponseEntity<API.nhyira.apivitalis.DTO.Usuario.UsuarioExibitionDto> API.nhyira.apivitalis.Controller.UsuarioController.update(int,API.nhyira.apivitalis.DTO.Usuario.UsuarioCreateEditDto): [Field error in object 'usuarioCreateEditDto' on field 'sexo': rejected value [H]; codes [Pattern.usuarioCreateEditDto.sexo,Pattern.sexo,Pattern.java.lang.String,Pattern]; arguments [org.springframework.context.support.DefaultMessageSourceResolvable: codes [usuarioCreateEditDto.sexo,sexo]; arguments []; default message [sexo],[Ljakarta.validation.constraints.Pattern$Flag;@268c6f1e,[M|F|N/A]]; default message [O gênero deve ser 'M' para masculino, 'F' para feminino]] ]
]]></system-out>
  </testcase>
  <testcase name="createCpfDuplicado" classname="API.nhyira.apivitalis.Controller.UsuarioControllerTest$UserEditTest" time="0.176">
    <system-out><![CDATA[2024-08-16T19:52:38.458-03:00 DEBUG 1872 --- [api-vitalis] [           main] o.s.security.web.FilterChainProxy        : Securing PUT /usuarios/3
2024-08-16T19:52:38.459-03:00 DEBUG 1872 --- [api-vitalis] [           main] o.s.s.w.a.AnonymousAuthenticationFilter  : Set SecurityContextHolder to anonymous SecurityContext
2024-08-16T19:52:38.460-03:00 DEBUG 1872 --- [api-vitalis] [           main] o.s.security.web.FilterChainProxy        : Secured PUT /usuarios/3
Hibernate: select count(*) from usuario u1_0 where u1_0.id_usuario=?
Hibernate: select u1_0.id_usuario,u1_0.cpf,u1_0.dt_nasc,u1_0.email,ei1_0.id_endereco,ei1_0.bairro,ei1_0.cep,ei1_0.cidade,ei1_0.complemento,ei1_0.estado,ei1_0.logradouro,ei1_0.numero,mi1_0.id_midia,mi1_0.caminho,mi1_0.extensao,mi1_0.nome,u1_0.nickname,u1_0.nome,pi1_0.id_usuario,pi1_0.cpf,pi1_0.dt_nasc,pi1_0.email,ei2_0.id_endereco,ei2_0.bairro,ei2_0.cep,ei2_0.cidade,ei2_0.complemento,ei2_0.estado,ei2_0.logradouro,ei2_0.numero,mi2_0.id_midia,mi2_0.caminho,mi2_0.extensao,mi2_0.nome,pi1_0.nickname,pi1_0.nome,pi1_0.personal_id,pi1_0.senha,pi1_0.sexo,pi1_0.tipo,u1_0.senha,u1_0.sexo,u1_0.tipo from usuario u1_0 left join endereco ei1_0 on ei1_0.id_endereco=u1_0.endereco_id left join midia mi1_0 on mi1_0.id_midia=u1_0.midia_id left join usuario pi1_0 on pi1_0.id_usuario=u1_0.personal_id left join endereco ei2_0 on ei2_0.id_endereco=pi1_0.endereco_id left join midia mi2_0 on mi2_0.id_midia=pi1_0.midia_id where u1_0.id_usuario=?
Hibernate: select u1_0.id_usuario,u1_0.cpf,u1_0.dt_nasc,u1_0.email,u1_0.endereco_id,u1_0.midia_id,u1_0.nickname,u1_0.nome,u1_0.personal_id,u1_0.senha,u1_0.sexo,u1_0.tipo from usuario u1_0 where u1_0.cpf=?
Hibernate: select e1_0.id_endereco,e1_0.bairro,e1_0.cep,e1_0.cidade,e1_0.complemento,e1_0.estado,e1_0.logradouro,e1_0.numero from endereco e1_0 where e1_0.id_endereco=?
]]></system-out>
  </testcase>
  <testcase name="ShowUserByIdInvalid" classname="API.nhyira.apivitalis.Controller.UsuarioControllerTest$UserEditTest" time="0.143">
    <system-out><![CDATA[2024-08-16T19:52:38.754-03:00 DEBUG 1872 --- [api-vitalis] [           main] o.s.security.web.FilterChainProxy        : Securing PUT /usuarios/0
2024-08-16T19:52:38.755-03:00 DEBUG 1872 --- [api-vitalis] [           main] o.s.s.w.a.AnonymousAuthenticationFilter  : Set SecurityContextHolder to anonymous SecurityContext
2024-08-16T19:52:38.756-03:00 DEBUG 1872 --- [api-vitalis] [           main] o.s.security.web.FilterChainProxy        : Secured PUT /usuarios/0
]]></system-out>
  </testcase>
  <testcase name="createNicknameInvalido" classname="API.nhyira.apivitalis.Controller.UsuarioControllerTest$UserEditTest" time="0.017">
    <system-out><![CDATA[2024-08-16T19:52:38.778-03:00 DEBUG 1872 --- [api-vitalis] [           main] o.s.security.web.FilterChainProxy        : Securing PUT /usuarios/3
2024-08-16T19:52:38.779-03:00 DEBUG 1872 --- [api-vitalis] [           main] o.s.s.w.a.AnonymousAuthenticationFilter  : Set SecurityContextHolder to anonymous SecurityContext
2024-08-16T19:52:38.780-03:00 DEBUG 1872 --- [api-vitalis] [           main] o.s.security.web.FilterChainProxy        : Secured PUT /usuarios/3
2024-08-16T19:52:38.783-03:00  WARN 1872 --- [api-vitalis] [           main] .w.s.m.s.DefaultHandlerExceptionResolver : Resolved [org.springframework.web.bind.MethodArgumentNotValidException: Validation failed for argument [1] in public org.springframework.http.ResponseEntity<API.nhyira.apivitalis.DTO.Usuario.UsuarioExibitionDto> API.nhyira.apivitalis.Controller.UsuarioController.update(int,API.nhyira.apivitalis.DTO.Usuario.UsuarioCreateEditDto): [Field error in object 'usuarioCreateEditDto' on field 'nickname': rejected value [t3er@]; codes [Pattern.usuarioCreateEditDto.nickname,Pattern.nickname,Pattern.java.lang.String,Pattern]; arguments [org.springframework.context.support.DefaultMessageSourceResolvable: codes [usuarioCreateEditDto.nickname,nickname]; arguments []; default message [nickname],[Ljakarta.validation.constraints.Pattern$Flag;@268c6f1e,^(?=.*[A-Z])(?=.*[@#$%^&+=]).*$]; default message [O nome de usuário deve conter pelo menos uma letra maiúscula e um caractere especial]] ]
]]></system-out>
  </testcase>
  <testcase name="createCpfInvalido" classname="API.nhyira.apivitalis.Controller.UsuarioControllerTest$UserEditTest" time="0.05">
    <system-out><![CDATA[2024-08-16T19:52:38.799-03:00 DEBUG 1872 --- [api-vitalis] [           main] o.s.security.web.FilterChainProxy        : Securing PUT /usuarios/3
2024-08-16T19:52:38.800-03:00 DEBUG 1872 --- [api-vitalis] [           main] o.s.s.w.a.AnonymousAuthenticationFilter  : Set SecurityContextHolder to anonymous SecurityContext
2024-08-16T19:52:38.800-03:00 DEBUG 1872 --- [api-vitalis] [           main] o.s.security.web.FilterChainProxy        : Secured PUT /usuarios/3
2024-08-16T19:52:38.836-03:00  WARN 1872 --- [api-vitalis] [           main] .w.s.m.s.DefaultHandlerExceptionResolver : Resolved [org.springframework.web.bind.MethodArgumentNotValidException: Validation failed for argument [1] in public org.springframework.http.ResponseEntity<API.nhyira.apivitalis.DTO.Usuario.UsuarioExibitionDto> API.nhyira.apivitalis.Controller.UsuarioController.update(int,API.nhyira.apivitalis.DTO.Usuario.UsuarioCreateEditDto): [Field error in object 'usuarioCreateEditDto' on field 'cpf': rejected value [12345678901]; codes [CPF.usuarioCreateEditDto.cpf,CPF.cpf,CPF.java.lang.String,CPF]; arguments [org.springframework.context.support.DefaultMessageSourceResolvable: codes [usuarioCreateEditDto.cpf,cpf]; arguments []; default message [cpf]]; default message [invalid Brazilian individual taxpayer registry number (CPF)]] ]
]]></system-out>
  </testcase>
  <testcase name="createDataNascimentoDifPassado" classname="API.nhyira.apivitalis.Controller.UsuarioControllerTest$UserEditTest" time="0.447">
    <failure message="Status expected:&lt;400&gt; but was:&lt;200&gt;" type="java.lang.AssertionError"><![CDATA[java.lang.AssertionError: Status expected:<400> but was:<200>
	at org.springframework.test.util.AssertionErrors.fail(AssertionErrors.java:59)
	at org.springframework.test.util.AssertionErrors.assertEquals(AssertionErrors.java:122)
	at org.springframework.test.web.servlet.result.StatusResultMatchers.lambda$matcher$9(StatusResultMatchers.java:637)
	at org.springframework.test.web.servlet.MockMvc$1.andExpect(MockMvc.java:214)
	at API.nhyira.apivitalis.Controller.UsuarioControllerTest$UserEditTest.createDataNascimentoDifPassado(UsuarioControllerTest.java:870)
	at java.base/java.lang.reflect.Method.invoke(Method.java:568)
	at java.base/java.util.ArrayList.forEach(ArrayList.java:1511)
	at java.base/java.util.ArrayList.forEach(ArrayList.java:1511)
	at java.base/java.util.ArrayList.forEach(ArrayList.java:1511)
]]></failure>
    <system-out><![CDATA[2024-08-16T19:52:38.850-03:00 DEBUG 1872 --- [api-vitalis] [           main] o.s.security.web.FilterChainProxy        : Securing PUT /usuarios/3
2024-08-16T19:52:38.850-03:00 DEBUG 1872 --- [api-vitalis] [           main] o.s.s.w.a.AnonymousAuthenticationFilter  : Set SecurityContextHolder to anonymous SecurityContext
2024-08-16T19:52:38.851-03:00 DEBUG 1872 --- [api-vitalis] [           main] o.s.security.web.FilterChainProxy        : Secured PUT /usuarios/3
Hibernate: select count(*) from usuario u1_0 where u1_0.id_usuario=?
Hibernate: select u1_0.id_usuario,u1_0.cpf,u1_0.dt_nasc,u1_0.email,ei1_0.id_endereco,ei1_0.bairro,ei1_0.cep,ei1_0.cidade,ei1_0.complemento,ei1_0.estado,ei1_0.logradouro,ei1_0.numero,mi1_0.id_midia,mi1_0.caminho,mi1_0.extensao,mi1_0.nome,u1_0.nickname,u1_0.nome,pi1_0.id_usuario,pi1_0.cpf,pi1_0.dt_nasc,pi1_0.email,ei2_0.id_endereco,ei2_0.bairro,ei2_0.cep,ei2_0.cidade,ei2_0.complemento,ei2_0.estado,ei2_0.logradouro,ei2_0.numero,mi2_0.id_midia,mi2_0.caminho,mi2_0.extensao,mi2_0.nome,pi1_0.nickname,pi1_0.nome,pi1_0.personal_id,pi1_0.senha,pi1_0.sexo,pi1_0.tipo,u1_0.senha,u1_0.sexo,u1_0.tipo from usuario u1_0 left join endereco ei1_0 on ei1_0.id_endereco=u1_0.endereco_id left join midia mi1_0 on mi1_0.id_midia=u1_0.midia_id left join usuario pi1_0 on pi1_0.id_usuario=u1_0.personal_id left join endereco ei2_0 on ei2_0.id_endereco=pi1_0.endereco_id left join midia mi2_0 on mi2_0.id_midia=pi1_0.midia_id where u1_0.id_usuario=?
Hibernate: select u1_0.id_usuario,u1_0.cpf,u1_0.dt_nasc,u1_0.email,u1_0.endereco_id,u1_0.midia_id,u1_0.nickname,u1_0.nome,u1_0.personal_id,u1_0.senha,u1_0.sexo,u1_0.tipo from usuario u1_0 where u1_0.cpf=?
Hibernate: select u1_0.id_usuario,u1_0.cpf,u1_0.dt_nasc,u1_0.email,u1_0.endereco_id,u1_0.midia_id,u1_0.nickname,u1_0.nome,u1_0.personal_id,u1_0.senha,u1_0.sexo,u1_0.tipo from usuario u1_0 where u1_0.nickname=?
Hibernate: select u1_0.id_usuario,u1_0.cpf,u1_0.dt_nasc,u1_0.email,u1_0.endereco_id,u1_0.midia_id,u1_0.nickname,u1_0.nome,u1_0.personal_id,u1_0.senha,u1_0.sexo,u1_0.tipo from usuario u1_0 where upper(u1_0.email)=upper(?)

MockHttpServletRequest:
      HTTP Method = PUT
      Request URI = /usuarios/3
       Parameters = {}
          Headers = [Content-Type:"application/json;charset=UTF-8", Content-Length:"255"]
             Body =     {
      "cpf" : "71191770010",
      "dtNasc" : "2024-08-08",
      "email": "silvaTest3rs@email.com",
      "sexo": "M",
      "nome": "Silva dos Santos",
      "senha": "Daniel@23133",
      "tipo": "USUARIO",
      "nickname": "T3STer@12388"
    }

    Session Attrs = {}

Handler:
             Type = API.nhyira.apivitalis.Controller.UsuarioController
           Method = API.nhyira.apivitalis.Controller.UsuarioController#update(int, UsuarioCreateEditDto)

Async:
    Async started = false
     Async result = null

Resolved Exception:
             Type = null

ModelAndView:
        View name = null
             View = null
            Model = null

FlashMap:
       Attributes = null

MockHttpServletResponse:
           Status = 200
    Error message = null
          Headers = [Vary:"Origin", "Access-Control-Request-Method", "Access-Control-Request-Headers", Content-Type:"application/json", X-Content-Type-Options:"nosniff", X-XSS-Protection:"0", Cache-Control:"no-cache, no-store, max-age=0, must-revalidate", Pragma:"no-cache", Expires:"0"]
     Content type = application/json
             Body = {"id":3,"nickname":"T3STer@12388","cpf":"71191770010","nome":"Silva dos Santos","dtNasc":"2024-08-08","sexo":"M","email":"silvaTest3rs@email.com","midia":null,"tipo":"USUARIO","personalId":{"idUsuario":2,"nickname":"marC@SSilV4","cpf":"marcos@gmail.com","nome":"Marcos Silva Oliveira Pinto Santos","dtNasc":"1980-12-05","sexo":"M","email":"marcos@gmail.com","tipo":"PERSONAL"},"academiaId":null,"meta":null,"pagamentoAtivo":false}
    Forwarded URL = null
   Redirected URL = null
          Cookies = []
]]></system-out>
  </testcase>
  <testcase name="createEmailPrincipalDuplicado" classname="API.nhyira.apivitalis.Controller.UsuarioControllerTest$UserEditTest" time="0.037">
    <system-out><![CDATA[2024-08-16T19:52:39.310-03:00 DEBUG 1872 --- [api-vitalis] [           main] o.s.security.web.FilterChainProxy        : Securing PUT /usuarios/3
2024-08-16T19:52:39.311-03:00 DEBUG 1872 --- [api-vitalis] [           main] o.s.s.w.a.AnonymousAuthenticationFilter  : Set SecurityContextHolder to anonymous SecurityContext
2024-08-16T19:52:39.312-03:00 DEBUG 1872 --- [api-vitalis] [           main] o.s.security.web.FilterChainProxy        : Secured PUT /usuarios/3
Hibernate: select count(*) from usuario u1_0 where u1_0.id_usuario=?
Hibernate: select u1_0.id_usuario,u1_0.cpf,u1_0.dt_nasc,u1_0.email,ei1_0.id_endereco,ei1_0.bairro,ei1_0.cep,ei1_0.cidade,ei1_0.complemento,ei1_0.estado,ei1_0.logradouro,ei1_0.numero,mi1_0.id_midia,mi1_0.caminho,mi1_0.extensao,mi1_0.nome,u1_0.nickname,u1_0.nome,pi1_0.id_usuario,pi1_0.cpf,pi1_0.dt_nasc,pi1_0.email,ei2_0.id_endereco,ei2_0.bairro,ei2_0.cep,ei2_0.cidade,ei2_0.complemento,ei2_0.estado,ei2_0.logradouro,ei2_0.numero,mi2_0.id_midia,mi2_0.caminho,mi2_0.extensao,mi2_0.nome,pi1_0.nickname,pi1_0.nome,pi1_0.personal_id,pi1_0.senha,pi1_0.sexo,pi1_0.tipo,u1_0.senha,u1_0.sexo,u1_0.tipo from usuario u1_0 left join endereco ei1_0 on ei1_0.id_endereco=u1_0.endereco_id left join midia mi1_0 on mi1_0.id_midia=u1_0.midia_id left join usuario pi1_0 on pi1_0.id_usuario=u1_0.personal_id left join endereco ei2_0 on ei2_0.id_endereco=pi1_0.endereco_id left join midia mi2_0 on mi2_0.id_midia=pi1_0.midia_id where u1_0.id_usuario=?
Hibernate: select u1_0.id_usuario,u1_0.cpf,u1_0.dt_nasc,u1_0.email,u1_0.endereco_id,u1_0.midia_id,u1_0.nickname,u1_0.nome,u1_0.personal_id,u1_0.senha,u1_0.sexo,u1_0.tipo from usuario u1_0 where u1_0.cpf=?
Hibernate: select u1_0.id_usuario,u1_0.cpf,u1_0.dt_nasc,u1_0.email,u1_0.endereco_id,u1_0.midia_id,u1_0.nickname,u1_0.nome,u1_0.personal_id,u1_0.senha,u1_0.sexo,u1_0.tipo from usuario u1_0 where u1_0.nickname=?
Hibernate: select u1_0.id_usuario,u1_0.cpf,u1_0.dt_nasc,u1_0.email,u1_0.endereco_id,u1_0.midia_id,u1_0.nickname,u1_0.nome,u1_0.personal_id,u1_0.senha,u1_0.sexo,u1_0.tipo from usuario u1_0 where upper(u1_0.email)=upper(?)
Hibernate: select e1_0.id_endereco,e1_0.bairro,e1_0.cep,e1_0.cidade,e1_0.complemento,e1_0.estado,e1_0.logradouro,e1_0.numero from endereco e1_0 where e1_0.id_endereco=?
]]></system-out>
  </testcase>
  <testcase name="updateUser" classname="API.nhyira.apivitalis.Controller.UsuarioControllerTest$UserEditTest" time="0.12">
    <system-out><![CDATA[2024-08-16T19:52:39.350-03:00 DEBUG 1872 --- [api-vitalis] [           main] o.s.security.web.FilterChainProxy        : Securing PUT /usuarios/3
2024-08-16T19:52:39.351-03:00 DEBUG 1872 --- [api-vitalis] [           main] o.s.s.w.a.AnonymousAuthenticationFilter  : Set SecurityContextHolder to anonymous SecurityContext
2024-08-16T19:52:39.352-03:00 DEBUG 1872 --- [api-vitalis] [           main] o.s.security.web.FilterChainProxy        : Secured PUT /usuarios/3
Hibernate: select count(*) from usuario u1_0 where u1_0.id_usuario=?
Hibernate: select u1_0.id_usuario,u1_0.cpf,u1_0.dt_nasc,u1_0.email,ei1_0.id_endereco,ei1_0.bairro,ei1_0.cep,ei1_0.cidade,ei1_0.complemento,ei1_0.estado,ei1_0.logradouro,ei1_0.numero,mi1_0.id_midia,mi1_0.caminho,mi1_0.extensao,mi1_0.nome,u1_0.nickname,u1_0.nome,pi1_0.id_usuario,pi1_0.cpf,pi1_0.dt_nasc,pi1_0.email,ei2_0.id_endereco,ei2_0.bairro,ei2_0.cep,ei2_0.cidade,ei2_0.complemento,ei2_0.estado,ei2_0.logradouro,ei2_0.numero,mi2_0.id_midia,mi2_0.caminho,mi2_0.extensao,mi2_0.nome,pi1_0.nickname,pi1_0.nome,pi1_0.personal_id,pi1_0.senha,pi1_0.sexo,pi1_0.tipo,u1_0.senha,u1_0.sexo,u1_0.tipo from usuario u1_0 left join endereco ei1_0 on ei1_0.id_endereco=u1_0.endereco_id left join midia mi1_0 on mi1_0.id_midia=u1_0.midia_id left join usuario pi1_0 on pi1_0.id_usuario=u1_0.personal_id left join endereco ei2_0 on ei2_0.id_endereco=pi1_0.endereco_id left join midia mi2_0 on mi2_0.id_midia=pi1_0.midia_id where u1_0.id_usuario=?
Hibernate: select u1_0.id_usuario,u1_0.cpf,u1_0.dt_nasc,u1_0.email,u1_0.endereco_id,u1_0.midia_id,u1_0.nickname,u1_0.nome,u1_0.personal_id,u1_0.senha,u1_0.sexo,u1_0.tipo from usuario u1_0 where u1_0.cpf=?
Hibernate: select u1_0.id_usuario,u1_0.cpf,u1_0.dt_nasc,u1_0.email,u1_0.endereco_id,u1_0.midia_id,u1_0.nickname,u1_0.nome,u1_0.personal_id,u1_0.senha,u1_0.sexo,u1_0.tipo from usuario u1_0 where u1_0.nickname=?
Hibernate: select u1_0.id_usuario,u1_0.cpf,u1_0.dt_nasc,u1_0.email,u1_0.endereco_id,u1_0.midia_id,u1_0.nickname,u1_0.nome,u1_0.personal_id,u1_0.senha,u1_0.sexo,u1_0.tipo from usuario u1_0 where upper(u1_0.email)=upper(?)
]]></system-out>
  </testcase>
  <testcase name="createEmailInvalido" classname="API.nhyira.apivitalis.Controller.UsuarioControllerTest$UserEditTest" time="0.012">
    <system-out><![CDATA[2024-08-16T19:52:39.469-03:00 DEBUG 1872 --- [api-vitalis] [           main] o.s.security.web.FilterChainProxy        : Securing PUT /usuarios/3
2024-08-16T19:52:39.470-03:00 DEBUG 1872 --- [api-vitalis] [           main] o.s.s.w.a.AnonymousAuthenticationFilter  : Set SecurityContextHolder to anonymous SecurityContext
2024-08-16T19:52:39.470-03:00 DEBUG 1872 --- [api-vitalis] [           main] o.s.security.web.FilterChainProxy        : Secured PUT /usuarios/3
2024-08-16T19:52:39.473-03:00  WARN 1872 --- [api-vitalis] [           main] .w.s.m.s.DefaultHandlerExceptionResolver : Resolved [org.springframework.web.bind.MethodArgumentNotValidException: Validation failed for argument [1] in public org.springframework.http.ResponseEntity<API.nhyira.apivitalis.DTO.Usuario.UsuarioExibitionDto> API.nhyira.apivitalis.Controller.UsuarioController.update(int,API.nhyira.apivitalis.DTO.Usuario.UsuarioCreateEditDto) with 2 errors: [Field error in object 'usuarioCreateEditDto' on field 'email': rejected value [silvaTest3rs.com]; codes [Pattern.usuarioCreateEditDto.email,Pattern.email,Pattern.java.lang.String,Pattern]; arguments [org.springframework.context.support.DefaultMessageSourceResolvable: codes [usuarioCreateEditDto.email,email]; arguments []; default message [email],[Ljakarta.validation.constraints.Pattern$Flag;@268c6f1e,^(.+)@(.+)$]; default message [Por favor, insira um endereço de email válido]] [Field error in object 'usuarioCreateEditDto' on field 'email': rejected value [silvaTest3rs.com]; codes [Email.usuarioCreateEditDto.email,Email.email,Email.java.lang.String,Email]; arguments [org.springframework.context.support.DefaultMessageSourceResolvable: codes [usuarioCreateEditDto.email,email]; arguments []; default message [email],[Ljakarta.validation.constraints.Pattern$Flag;@67609bca,.*]; default message [Por favor, insira um endereço de email válido]] ]
]]></system-out>
  </testcase>
  <testcase name="createSenhaInvalida" classname="API.nhyira.apivitalis.Controller.UsuarioControllerTest$UserEditTest" time="0.013">
    <system-out><![CDATA[2024-08-16T19:52:39.483-03:00 DEBUG 1872 --- [api-vitalis] [           main] o.s.security.web.FilterChainProxy        : Securing PUT /usuarios/3
2024-08-16T19:52:39.484-03:00 DEBUG 1872 --- [api-vitalis] [           main] o.s.s.w.a.AnonymousAuthenticationFilter  : Set SecurityContextHolder to anonymous SecurityContext
2024-08-16T19:52:39.484-03:00 DEBUG 1872 --- [api-vitalis] [           main] o.s.security.web.FilterChainProxy        : Secured PUT /usuarios/3
2024-08-16T19:52:39.487-03:00  WARN 1872 --- [api-vitalis] [           main] .w.s.m.s.DefaultHandlerExceptionResolver : Resolved [org.springframework.web.bind.MethodArgumentNotValidException: Validation failed for argument [1] in public org.springframework.http.ResponseEntity<API.nhyira.apivitalis.DTO.Usuario.UsuarioExibitionDto> API.nhyira.apivitalis.Controller.UsuarioController.update(int,API.nhyira.apivitalis.DTO.Usuario.UsuarioCreateEditDto) with 2 errors: [Field error in object 'usuarioCreateEditDto' on field 'senha': rejected value [123]; codes [Pattern.usuarioCreateEditDto.senha,Pattern.senha,Pattern.java.lang.String,Pattern]; arguments [org.springframework.context.support.DefaultMessageSourceResolvable: codes [usuarioCreateEditDto.senha,senha]; arguments []; default message [senha],[Ljakarta.validation.constraints.Pattern$Flag;@268c6f1e,^(?=.*[0-9])(?=.*[a-z])(?=.*[@#$%^&+=]).*$]; default message [A senha deve conter pelo menos um número, uma letra minúscula, um caractere especial]] [Field error in object 'usuarioCreateEditDto' on field 'senha': rejected value [123]; codes [Size.usuarioCreateEditDto.senha,Size.senha,Size.java.lang.String,Size]; arguments [org.springframework.context.support.DefaultMessageSourceResolvable: codes [usuarioCreateEditDto.senha,senha]; arguments []; default message [senha],100,6]; default message [A senha deve ter entre 6 e 100 caracteres]] ]
]]></system-out>
  </testcase>
  <testcase name="createNicknameDuplicado" classname="API.nhyira.apivitalis.Controller.UsuarioControllerTest$UserEditTest" time="0.052">
    <system-out><![CDATA[2024-08-16T19:52:39.499-03:00 DEBUG 1872 --- [api-vitalis] [           main] o.s.security.web.FilterChainProxy        : Securing PUT /usuarios/3
2024-08-16T19:52:39.499-03:00 DEBUG 1872 --- [api-vitalis] [           main] o.s.s.w.a.AnonymousAuthenticationFilter  : Set SecurityContextHolder to anonymous SecurityContext
2024-08-16T19:52:39.500-03:00 DEBUG 1872 --- [api-vitalis] [           main] o.s.security.web.FilterChainProxy        : Secured PUT /usuarios/3
Hibernate: select count(*) from usuario u1_0 where u1_0.id_usuario=?
Hibernate: select u1_0.id_usuario,u1_0.cpf,u1_0.dt_nasc,u1_0.email,ei1_0.id_endereco,ei1_0.bairro,ei1_0.cep,ei1_0.cidade,ei1_0.complemento,ei1_0.estado,ei1_0.logradouro,ei1_0.numero,mi1_0.id_midia,mi1_0.caminho,mi1_0.extensao,mi1_0.nome,u1_0.nickname,u1_0.nome,pi1_0.id_usuario,pi1_0.cpf,pi1_0.dt_nasc,pi1_0.email,ei2_0.id_endereco,ei2_0.bairro,ei2_0.cep,ei2_0.cidade,ei2_0.complemento,ei2_0.estado,ei2_0.logradouro,ei2_0.numero,mi2_0.id_midia,mi2_0.caminho,mi2_0.extensao,mi2_0.nome,pi1_0.nickname,pi1_0.nome,pi1_0.personal_id,pi1_0.senha,pi1_0.sexo,pi1_0.tipo,u1_0.senha,u1_0.sexo,u1_0.tipo from usuario u1_0 left join endereco ei1_0 on ei1_0.id_endereco=u1_0.endereco_id left join midia mi1_0 on mi1_0.id_midia=u1_0.midia_id left join usuario pi1_0 on pi1_0.id_usuario=u1_0.personal_id left join endereco ei2_0 on ei2_0.id_endereco=pi1_0.endereco_id left join midia mi2_0 on mi2_0.id_midia=pi1_0.midia_id where u1_0.id_usuario=?
Hibernate: select u1_0.id_usuario,u1_0.cpf,u1_0.dt_nasc,u1_0.email,u1_0.endereco_id,u1_0.midia_id,u1_0.nickname,u1_0.nome,u1_0.personal_id,u1_0.senha,u1_0.sexo,u1_0.tipo from usuario u1_0 where u1_0.cpf=?
Hibernate: select u1_0.id_usuario,u1_0.cpf,u1_0.dt_nasc,u1_0.email,u1_0.endereco_id,u1_0.midia_id,u1_0.nickname,u1_0.nome,u1_0.personal_id,u1_0.senha,u1_0.sexo,u1_0.tipo from usuario u1_0 where u1_0.nickname=?
Hibernate: select e1_0.id_endereco,e1_0.bairro,e1_0.cep,e1_0.cidade,e1_0.complemento,e1_0.estado,e1_0.logradouro,e1_0.numero from endereco e1_0 where e1_0.id_endereco=?
]]></system-out>
  </testcase>
  <testcase name="ShowUserByIdNotExist" classname="API.nhyira.apivitalis.Controller.UsuarioControllerTest$UserEditTest" time="0.034">
    <system-out><![CDATA[2024-08-16T19:52:39.561-03:00 DEBUG 1872 --- [api-vitalis] [           main] o.s.security.web.FilterChainProxy        : Securing PUT /usuarios/999
2024-08-16T19:52:39.562-03:00 DEBUG 1872 --- [api-vitalis] [           main] o.s.s.w.a.AnonymousAuthenticationFilter  : Set SecurityContextHolder to anonymous SecurityContext
2024-08-16T19:52:39.563-03:00 DEBUG 1872 --- [api-vitalis] [           main] o.s.security.web.FilterChainProxy        : Secured PUT /usuarios/999
Hibernate: select count(*) from usuario u1_0 where u1_0.id_usuario=?
]]></system-out>
  </testcase>
  <testcase name="createTipoInvalido" classname="API.nhyira.apivitalis.Controller.UsuarioControllerTest$UserEditTest" time="0.033">
    <system-out><![CDATA[2024-08-16T19:52:39.596-03:00 DEBUG 1872 --- [api-vitalis] [           main] o.s.security.web.FilterChainProxy        : Securing PUT /usuarios/3
2024-08-16T19:52:39.597-03:00 DEBUG 1872 --- [api-vitalis] [           main] o.s.s.w.a.AnonymousAuthenticationFilter  : Set SecurityContextHolder to anonymous SecurityContext
2024-08-16T19:52:39.598-03:00 DEBUG 1872 --- [api-vitalis] [           main] o.s.security.web.FilterChainProxy        : Secured PUT /usuarios/3
2024-08-16T19:52:39.611-03:00  WARN 1872 --- [api-vitalis] [           main] .w.s.m.s.DefaultHandlerExceptionResolver : Resolved [org.springframework.http.converter.HttpMessageNotReadableException: JSON parse error: Cannot deserialize value of type `API.nhyira.apivitalis.Entity.Usuario$TipoUsuario` from String "AQUARIANO": not one of the values accepted for Enum class: [PERSONAL, USUARIO]]
]]></system-out>
  </testcase>
</testsuite>